<?xml version="1.0" encoding="UTF-8"?>
<!-- Generated by org.testng.reporters.JUnitReportReporter -->
<testsuite hostname="GLB-343-PC" failures="0" tests="3" name="Log4JTest.CRMLog4j" time="67.078" errors="0" timestamp="17 Oct 2018 06:53:47 GMT" skipped="0">
  <testcase classname="Log4JTest.CRMLog4j" name="logoTest" time="12.595"/>
  <testcase classname="Log4JTest.CRMLog4j" name="titleTest" time="26.551"/>
  <testcase classname="Log4JTest.CRMLog4j" name="login" time="27.932"/>
</testsuite> <!-- Log4JTest.CRMLog4j -->
