<?xml version="1.0" encoding="UTF-8"?>
<!-- Generated by org.testng.reporters.JUnitReportReporter -->
<testsuite hostname="GLB-343-PC" failures="0" tests="3" name="DifferentOperations.BootstrapDropdownHandle" time="28.512" errors="0" timestamp="16 Oct 2018 05:52:23 GMT" skipped="1">
  <testcase classname="DifferentOperations.BootstrapDropdownHandle" name="selectDropdown_2" time="22.729"/>
  <testcase classname="DifferentOperations.BootstrapDropdownHandle" name="closeBrowser" time="5.783"/>
  <testcase classname="DifferentOperations.BootstrapDropdownHandle" name="selectDropdown_1">
    <skipped/>
  </testcase> <!-- selectDropdown_1 -->
</testsuite> <!-- DifferentOperations.BootstrapDropdownHandle -->
