<?xml version="1.0" encoding="UTF-8"?>
<!-- Generated by org.testng.reporters.JUnitReportReporter -->
<testsuite hostname="GLB-343-PC" failures="0" tests="2" name="TestNG.SkipTest" time="0.022" errors="0" timestamp="08 Oct 2018 13:32:49 GMT" skipped="1">
  <testcase classname="TestNG.SkipTest" name="aSkipTest" time="0.020">
    <skipped/>
  </testcase> <!-- aSkipTest -->
  <testcase classname="TestNG.SkipTest" name="nonSkipTest" time="0.002"/>
</testsuite> <!-- TestNG.SkipTest -->
