<?xml version="1.0" encoding="UTF-8"?>
<!-- Generated by org.testng.reporters.JUnitReportReporter -->
<testsuite hostname="GLB-343-PC" failures="0" tests="1" name="DifferentOperations.FrameHandling2" time="1.049" errors="0" timestamp="11 Oct 2018 12:03:33 GMT" skipped="0">
  <testcase classname="DifferentOperations.FrameHandling2" name="numberOfFrame" time="1.049"/>
</testsuite> <!-- DifferentOperations.FrameHandling2 -->
