<?xml version="1.0" encoding="UTF-8"?>
<!-- Generated by org.testng.reporters.JUnitReportReporter -->
<testsuite hostname="GLB-343-PC" failures="0" tests="1" name="DifferentOperations.UsePropertiesFile" time="16.753" errors="0" timestamp="12 Oct 2018 11:37:35 GMT" skipped="0">
  <testcase classname="DifferentOperations.UsePropertiesFile" name="login" time="16.753"/>
</testsuite> <!-- DifferentOperations.UsePropertiesFile -->
