<?xml version="1.0" encoding="UTF-8"?>
<!-- Generated by org.testng.reporters.JUnitReportReporter -->
<testsuite hostname="GLB-343-PC" failures="0" tests="1" name="FileDownload.DownloadFileN" time="29.972" errors="0" timestamp="22 Oct 2018 07:14:54 GMT" skipped="0">
  <testcase classname="FileDownload.DownloadFileN" name="downloadFile" time="29.972"/>
</testsuite> <!-- FileDownload.DownloadFileN -->
