<?xml version="1.0" encoding="UTF-8"?>
<!-- Generated by org.testng.reporters.JUnitReportReporter -->
<testsuite hostname="GLB-343-PC" failures="0" tests="2" name="DifferentOperations.MouseMovements" time="12.917" errors="0" timestamp="11 Oct 2018 13:29:35 GMT" skipped="1">
  <testcase classname="DifferentOperations.MouseMovements" name="dragNDrop" time="12.917"/>
  <testcase classname="DifferentOperations.MouseMovements" name="mouseHover">
    <skipped/>
  </testcase> <!-- mouseHover -->
</testsuite> <!-- DifferentOperations.MouseMovements -->
