<?xml version="1.0" encoding="UTF-8"?>
<!-- Generated by org.testng.reporters.JUnitReportReporter -->
<testsuite hostname="GLB-343-PC" failures="0" tests="1" name="DifferentOperations.BarcodeUsingZXing" time="49.157" errors="0" timestamp="23 Oct 2018 05:59:37 GMT" skipped="0">
  <testcase classname="DifferentOperations.BarcodeUsingZXing" name="barcodeTest" time="49.157"/>
</testsuite> <!-- DifferentOperations.BarcodeUsingZXing -->
