<?xml version="1.0" encoding="UTF-8"?>
<!-- Generated by org.testng.reporters.JUnitReportReporter -->
<testsuite hostname="GLB-343-PC" failures="0" tests="2" name="MavenTest.BasicAnnotation" time="0.009" errors="0" timestamp="09 Oct 2018 12:15:32 GMT" skipped="0">
  <testcase classname="MavenTest.BasicAnnotation" name="logout" time="0.002"/>
  <testcase classname="MavenTest.BasicAnnotation" name="login" time="0.007"/>
</testsuite> <!-- MavenTest.BasicAnnotation -->
