<?xml version="1.0" encoding="UTF-8"?>
<!-- Generated by org.testng.reporters.JUnitReportReporter -->
<testsuite hostname="GLB-343-PC" failures="0" tests="3" name="DifferentOperations.ElementVisibleTest" time="13.439" errors="0" timestamp="15 Oct 2018 06:00:14 GMT" skipped="0">
  <testcase classname="DifferentOperations.ElementVisibleTest" name="isDisplayedTest" time="11.144"/>
  <testcase classname="DifferentOperations.ElementVisibleTest" name="isEnabledTest" time="2.169"/>
  <testcase classname="DifferentOperations.ElementVisibleTest" name="isSelectedTest" time="0.126"/>
</testsuite> <!-- DifferentOperations.ElementVisibleTest -->
