<?xml version="1.0" encoding="UTF-8"?>
<!-- Generated by org.testng.reporters.JUnitReportReporter -->
<testsuite hostname="GLB-343-PC" failures="0" tests="3" name="TestNG.DataProvider" time="0.012" errors="0" timestamp="08 Oct 2018 07:27:05 GMT" skipped="0">
  <testcase classname="TestNG.DataProvider" name="Test" time="0.009"/>
  <testcase classname="TestNG.DataProvider" name="Test" time="0.002"/>
  <testcase classname="TestNG.DataProvider" name="Test" time="0.001"/>
</testsuite> <!-- TestNG.DataProvider -->
