<?xml version="1.0" encoding="UTF-8"?>
<!-- Generated by org.testng.reporters.JUnitReportReporter -->
<testsuite hostname="GLB-343-PC" failures="0" tests="1" name="TestNG.Parameterization" time="0.009" errors="0" timestamp="08 Oct 2018 08:14:53 GMT" skipped="0">
  <testcase classname="TestNG.Parameterization" name="test" time="0.009"/>
</testsuite> <!-- TestNG.Parameterization -->
