<?xml version="1.0" encoding="UTF-8"?>
<!-- Generated by org.testng.reporters.JUnitReportReporter -->
<testsuite hostname="GLB-343-PC" failures="0" tests="1" name="DifferentOperations.TabHandling" time="9.553" errors="0" timestamp="12 Oct 2018 10:35:22 GMT" skipped="0">
  <testcase classname="DifferentOperations.TabHandling" name="openpage" time="9.553"/>
</testsuite> <!-- DifferentOperations.TabHandling -->
