<?xml version="1.0" encoding="UTF-8"?>
<!-- Generated by org.testng.reporters.JUnitReportReporter -->
<testsuite hostname="GLB-343-PC" failures="0" tests="1" name="DataDrivenTest.WebTableToExcel" time="18.018" errors="0" timestamp="24 Oct 2018 12:10:52 GMT" skipped="0">
  <testcase classname="DataDrivenTest.WebTableToExcel" name="getTableData" time="18.018"/>
</testsuite> <!-- DataDrivenTest.WebTableToExcel -->
