<?xml version="1.0" encoding="UTF-8"?>
<!-- Generated by org.testng.reporters.JUnitReportReporter -->
<testsuite hostname="GLB-343-PC" failures="0" tests="1" name="DifferentOperations.WaitHandle" time="17.563" errors="0" timestamp="12 Oct 2018 04:59:17 GMT" skipped="0">
  <testcase classname="DifferentOperations.WaitHandle" name="openBrowser" time="17.563"/>
</testsuite> <!-- DifferentOperations.WaitHandle -->
