<?xml version="1.0" encoding="UTF-8"?>
<!-- Generated by org.testng.reporters.JUnitReportReporter -->
<testsuite hostname="GLB-343-PC" failures="0" tests="9" name="DifferentOperations.JavascriptExecutorHandle" time="37.791" errors="0" timestamp="15 Oct 2018 05:11:21 GMT" skipped="0">
  <testcase classname="DifferentOperations.JavascriptExecutorHandle" name="highlightLoginButton" time="14.185"/>
  <testcase classname="DifferentOperations.JavascriptExecutorHandle" name="drawBorderLoginButton" time="6.095"/>
  <testcase classname="DifferentOperations.JavascriptExecutorHandle" name="scroolIntoForgotPassword" time="3.061"/>
  <testcase classname="DifferentOperations.JavascriptExecutorHandle" name="Login" time="8.885"/>
  <testcase classname="DifferentOperations.JavascriptExecutorHandle" name="refresh" time="2.089"/>
  <testcase classname="DifferentOperations.JavascriptExecutorHandle" name="getTitle" time="0.062"/>
  <testcase classname="DifferentOperations.JavascriptExecutorHandle" name="printInnerText" time="0.018"/>
  <testcase classname="DifferentOperations.JavascriptExecutorHandle" name="scroll" time="0.312"/>
  <testcase classname="DifferentOperations.JavascriptExecutorHandle" name="displayAlert" time="3.084"/>
</testsuite> <!-- DifferentOperations.JavascriptExecutorHandle -->
