<?xml version="1.0" encoding="UTF-8"?>
<!-- Generated by org.testng.reporters.JUnitReportReporter -->
<testsuite hostname="GLB-343-PC" failures="0" tests="3" name="TestNG.DataProvider" time="0.034" errors="0" timestamp="17 Oct 2018 06:38:37 GMT" skipped="0">
  <testcase classname="TestNG.DataProvider" name="Test" time="0.002"/>
  <testcase classname="TestNG.DataProvider" name="Test" time="0.030"/>
  <testcase classname="TestNG.DataProvider" name="Test" time="0.002"/>
</testsuite> <!-- TestNG.DataProvider -->
