<?xml version="1.0" encoding="UTF-8"?>
<!-- Generated by org.testng.reporters.JUnitReportReporter -->
<testsuite hostname="GLB-343-PC" failures="0" tests="1" name="DifferentOperations.HeadlessBrowser" time="15.408" errors="0" timestamp="12 Oct 2018 13:23:41 GMT" skipped="0">
  <testcase classname="DifferentOperations.HeadlessBrowser" name="login" time="15.408"/>
</testsuite> <!-- DifferentOperations.HeadlessBrowser -->
