<?xml version="1.0" encoding="UTF-8"?>
<!-- Generated by org.testng.reporters.JUnitReportReporter -->
<testsuite hostname="GLB-343-PC" failures="0" tests="2" name="DifferentOperations.DynamicWebTableHandling" time="44.352" errors="0" timestamp="15 Oct 2018 08:16:50 GMT" skipped="0">
  <testcase classname="DifferentOperations.DynamicWebTableHandling" name="selectContactMethod_1" time="16.182"/>
  <testcase classname="DifferentOperations.DynamicWebTableHandling" name="selectContactMethod_2" time="28.170"/>
</testsuite> <!-- DifferentOperations.DynamicWebTableHandling -->
