<?xml version="1.0" encoding="UTF-8"?>
<!-- Generated by org.testng.reporters.JUnitReportReporter -->
<testsuite hostname="GLB-343-PC" failures="0" tests="2" name="HashMapUsage.CRMTest" time="481.036" errors="0" timestamp="18 Oct 2018 10:22:34 GMT" skipped="0">
  <testcase classname="HashMapUsage.CRMTest" name="userLogin" time="260.039"/>
  <testcase classname="HashMapUsage.CRMTest" name="adminLogin" time="220.997"/>
</testsuite> <!-- HashMapUsage.CRMTest -->
