<?xml version="1.0" encoding="UTF-8"?>
<!-- Generated by org.testng.reporters.JUnitReportReporter -->
<testsuite hostname="GLB-343-PC" failures="0" tests="2" name="TestNG.BasicAnnotations" time="0.007" errors="0" timestamp="16 Oct 2018 07:26:26 GMT" skipped="0">
  <testcase classname="TestNG.BasicAnnotations" name="logout" time="0.002"/>
  <testcase classname="TestNG.BasicAnnotations" name="login" time="0.005"/>
</testsuite> <!-- TestNG.BasicAnnotations -->
