<?xml version="1.0" encoding="UTF-8"?>
<!-- Generated by org.testng.reporters.JUnitReportReporter -->
<testsuite hostname="GLB-343-PC" failures="0" tests="3" name="MavenTest.DataProvider" time="0.014" errors="0" timestamp="10 Oct 2018 10:41:59 GMT" skipped="0">
  <testcase classname="MavenTest.DataProvider" name="Test" time="0.001"/>
  <testcase classname="MavenTest.DataProvider" name="Test" time="0.001"/>
  <testcase classname="MavenTest.DataProvider" name="Test" time="0.012"/>
</testsuite> <!-- MavenTest.DataProvider -->
