<?xml version="1.0" encoding="UTF-8"?>
<!-- Generated by org.testng.reporters.JUnitReportReporter -->
<testsuite hostname="GLB-343-PC" failures="0" tests="2" name="TestNG.BasicAnnotations" time="0.011" errors="0" timestamp="17 Oct 2018 14:18:21 GMT" skipped="0">
  <testcase classname="TestNG.BasicAnnotations" name="login" time="0.010"/>
  <testcase classname="TestNG.BasicAnnotations" name="logout" time="0.001"/>
</testsuite> <!-- TestNG.BasicAnnotations -->
