<?xml version="1.0" encoding="UTF-8"?>
<!-- Generated by org.testng.reporters.JUnitReportReporter -->
<testsuite hostname="GLB-343-PC" failures="0" tests="1" name="DifferentOperations.DynamicGoogleSearch" time="7.230" errors="0" timestamp="15 Oct 2018 10:16:20 GMT" skipped="0">
  <testcase classname="DifferentOperations.DynamicGoogleSearch" name="search" time="7.230"/>
</testsuite> <!-- DifferentOperations.DynamicGoogleSearch -->
