<?xml version="1.0" encoding="UTF-8"?>
<!-- Generated by org.testng.reporters.JUnitReportReporter -->
<testsuite hostname="GLB-343-PC" failures="0" tests="2" name="DifferentOperations.CalanderHandling" time="43.954" errors="0" timestamp="15 Oct 2018 12:29:11 GMT" skipped="0">
  <testcase classname="DifferentOperations.CalanderHandling" name="setCalanderMethod_1" time="19.650"/>
  <testcase classname="DifferentOperations.CalanderHandling" name="setCalanderMethod_2" time="24.304"/>
</testsuite> <!-- DifferentOperations.CalanderHandling -->
