<?xml version="1.0" encoding="UTF-8"?>
<!-- Generated by org.testng.reporters.JUnitReportReporter -->
<testsuite hostname="GLB-343-PC" failures="0" tests="1" name="DifferentOperations.HtmlPopupHandle" time="5.559" errors="0" timestamp="11 Oct 2018 08:27:20 GMT" skipped="0">
  <testcase classname="DifferentOperations.HtmlPopupHandle" name="closePopup" time="5.559"/>
</testsuite> <!-- DifferentOperations.HtmlPopupHandle -->
