<?xml version="1.0" encoding="UTF-8"?>
<!-- Generated by org.testng.reporters.JUnitReportReporter -->
<testsuite hostname="GLB-343-PC" failures="0" tests="1" name="DifferentOperations.AuthenticationPopup" time="14.038" errors="0" timestamp="22 Oct 2018 07:30:25 GMT" skipped="0">
  <testcase classname="DifferentOperations.AuthenticationPopup" name="authenticationTest" time="14.038"/>
</testsuite> <!-- DifferentOperations.AuthenticationPopup -->
