<?xml version="1.0" encoding="UTF-8"?>
<!-- Generated by org.testng.reporters.JUnitReportReporter -->
<testsuite hostname="GLB-343-PC" failures="0" tests="1" name="TestNG.IgnorTest" time="0.018" errors="0" timestamp="09 Oct 2018 06:12:22 GMT" skipped="0">
  <testcase classname="TestNG.IgnorTest" name="printClass2" time="0.018"/>
</testsuite> <!-- TestNG.IgnorTest -->
