<?xml version="1.0" encoding="UTF-8"?>
<!-- Generated by org.testng.reporters.JUnitReportReporter -->
<testsuite hostname="GLB-343-PC" failures="0" tests="2" name="TestNG.GroupingTest" time="0.011" errors="0" timestamp="08 Oct 2018 07:50:59 GMT" skipped="0">
  <testcase classname="TestNG.GroupingTest" name="test02" time="0.001"/>
  <testcase classname="TestNG.GroupingTest" name="test01" time="0.010"/>
</testsuite> <!-- TestNG.GroupingTest -->
