<?xml version="1.0" encoding="UTF-8"?>
<!-- Generated by org.testng.reporters.JUnitReportReporter -->
<testsuite hostname="GLB-343-PC" failures="0" tests="5" name="DataDrivenTest.ExcelDataProvider" time="0.018" errors="0" timestamp="24 Oct 2018 11:15:37 GMT" skipped="0">
  <testcase classname="DataDrivenTest.ExcelDataProvider" name="signInTest" time="0.001"/>
  <testcase classname="DataDrivenTest.ExcelDataProvider" name="signInTest" time="0.011"/>
  <testcase classname="DataDrivenTest.ExcelDataProvider" name="signInTest" time="0.001"/>
  <testcase classname="DataDrivenTest.ExcelDataProvider" name="signInTest" time="0.003"/>
  <testcase classname="DataDrivenTest.ExcelDataProvider" name="signInTest" time="0.002"/>
</testsuite> <!-- DataDrivenTest.ExcelDataProvider -->
