<?xml version="1.0" encoding="UTF-8"?>
<!-- Generated by org.testng.reporters.JUnitReportReporter -->
<testsuite hostname="GLB-343-PC" failures="0" tests="1" name="DifferentOperations.Test" time="16.656" errors="0" timestamp="17 Oct 2018 13:51:01 GMT" skipped="0">
  <testcase classname="DifferentOperations.Test" name="login" time="16.656"/>
</testsuite> <!-- DifferentOperations.Test -->
