<?xml version="1.0" encoding="UTF-8"?>
<!-- Generated by org.testng.reporters.JUnitReportReporter -->
<testsuite hostname="GLB-343-PC" failures="0" tests="2" name="DifferentOperations.BrokenLinkTest" time="58.090" errors="0" timestamp="16 Oct 2018 11:57:15 GMT" skipped="1">
  <testcase classname="DifferentOperations.BrokenLinkTest" name="testBrokenlink_2" time="58.090"/>
  <testcase classname="DifferentOperations.BrokenLinkTest" name="testBrokenlink_1">
    <skipped/>
  </testcase> <!-- testBrokenlink_1 -->
</testsuite> <!-- DifferentOperations.BrokenLinkTest -->
