<?xml version="1.0" encoding="UTF-8"?>
<!-- Generated by org.testng.reporters.JUnitReportReporter -->
<testsuite hostname="GLB-343-PC" failures="0" tests="3" name="Log4JTest.CRMLog4j" time="59.357" errors="0" timestamp="16 Oct 2018 14:18:54 GMT" skipped="0">
  <testcase classname="Log4JTest.CRMLog4j" name="titleTest" time="23.164"/>
  <testcase classname="Log4JTest.CRMLog4j" name="logoTest" time="11.695"/>
  <testcase classname="Log4JTest.CRMLog4j" name="login" time="24.498"/>
</testsuite> <!-- Log4JTest.CRMLog4j -->
