<?xml version="1.0" encoding="UTF-8"?>
<!-- Generated by org.testng.reporters.JUnitReportReporter -->
<testsuite hostname="GLB-343-PC" failures="0" tests="1" name="DataDrivenTest.CRMTest" time="9.466" errors="0" timestamp="24 Oct 2018 06:44:12 GMT" skipped="0">
  <testcase classname="DataDrivenTest.CRMTest" name="signupTest" time="9.466"/>
</testsuite> <!-- DataDrivenTest.CRMTest -->
