<?xml version="1.0" encoding="UTF-8"?>
<!-- Generated by org.testng.reporters.JUnitReportReporter -->
<testsuite hostname="GLB-343-PC" failures="0" tests="1" name="DifferentOperations.JavascriptAlert" time="5.109" errors="0" timestamp="11 Oct 2018 07:40:23 GMT" skipped="0">
  <testcase classname="DifferentOperations.JavascriptAlert" name="validate" time="5.109"/>
</testsuite> <!-- DifferentOperations.JavascriptAlert -->
