<?xml version="1.0" encoding="UTF-8"?>
<!-- Generated by org.testng.reporters.JUnitReportReporter -->
<testsuite hostname="GLB-343-PC" failures="0" tests="8" name="DifferentOperations.JavascriptExecutorHandle" time="29.841" errors="0" timestamp="13 Oct 2018 09:21:13 GMT" skipped="0">
  <testcase classname="DifferentOperations.JavascriptExecutorHandle" name="highlightLoginButton" time="7.683"/>
  <testcase classname="DifferentOperations.JavascriptExecutorHandle" name="drawBorderLoginButton" time="5.842"/>
  <testcase classname="DifferentOperations.JavascriptExecutorHandle" name="Login" time="8.549"/>
  <testcase classname="DifferentOperations.JavascriptExecutorHandle" name="refresh" time="4.399"/>
  <testcase classname="DifferentOperations.JavascriptExecutorHandle" name="getTitle" time="0.010"/>
  <testcase classname="DifferentOperations.JavascriptExecutorHandle" name="printInnerText" time="0.015"/>
  <testcase classname="DifferentOperations.JavascriptExecutorHandle" name="scroll" time="0.329"/>
  <testcase classname="DifferentOperations.JavascriptExecutorHandle" name="displayAlert" time="3.014"/>
</testsuite> <!-- DifferentOperations.JavascriptExecutorHandle -->
