<?xml version="1.0" encoding="UTF-8"?>
<!-- Generated by org.testng.reporters.JUnitReportReporter -->
<testsuite hostname="GLB-343-PC" failures="0" tests="1" name="DataDrivenTest.ParameterizedTest" time="596.327" errors="0" timestamp="24 Oct 2018 08:05:22 GMT" skipped="0">
  <testcase classname="DataDrivenTest.ParameterizedTest" name="signupTest" time="596.327"/>
</testsuite> <!-- DataDrivenTest.ParameterizedTest -->
