<?xml version="1.0" encoding="UTF-8"?>
<!-- Generated by org.testng.reporters.JUnitReportReporter -->
<testsuite hostname="GLB-343-PC" failures="0" tests="1" name="DifferentOperations.CalanderHandlingJavaScript" time="9.484" errors="0" timestamp="16 Oct 2018 06:01:00 GMT" skipped="0">
  <testcase classname="DifferentOperations.CalanderHandlingJavaScript" name="selectDateByJSTest" time="9.484"/>
</testsuite> <!-- DifferentOperations.CalanderHandlingJavaScript -->
