<?xml version="1.0" encoding="UTF-8"?>
<!-- Generated by org.testng.reporters.JUnitReportReporter -->
<testsuite hostname="GLB-343-PC" failures="0" tests="1" name="DifferentOperations.NavigateBackNForward" time="18.677" errors="0" timestamp="11 Oct 2018 13:53:35 GMT" skipped="0">
  <testcase classname="DifferentOperations.NavigateBackNForward" name="navigateBackNForward" time="18.677"/>
</testsuite> <!-- DifferentOperations.NavigateBackNForward -->
